<?xml version="1.0" encoding="UTF-8"?>
<coverage generated="1644752257595" clover="3.2.0">
  <project timestamp="1644752257595" name="All files">
    <metrics statements="6" coveredstatements="5" conditionals="3" coveredconditionals="2" methods="3" coveredmethods="3" elements="12" coveredelements="10" complexity="0" loc="6" ncloc="6" packages="1" files="1" classes="1"/>
    <file name="index.ts" path="/Users/kmj/project/3-study/clean-code-react/react-shopping-cart/client/src/utils/index.ts">
      <metrics statements="6" coveredstatements="5" conditionals="3" coveredconditionals="2" methods="3" coveredmethods="3"/>
      <line num="3" count="1" type="cond" truecount="1" falsecount="0"/>
      <line num="4" count="1" type="cond" truecount="1" falsecount="0"/>
      <line num="5" count="1" type="stmt"/>
      <line num="7" count="0" type="stmt"/>
      <line num="10" count="1" type="cond" truecount="0" falsecount="1"/>
      <line num="11" count="2" type="stmt"/>
    </file>
  </project>
</coverage>
