{"/Users/kmj/project/3-study/clean-code-react/react-shopping-cart/client/src/utils/index.ts": {"path":"/Users/kmj/project/3-study/clean-code-react/react-shopping-cart/client/src/utils/index.ts","statementMap":{"0":{"start":{"line":3,"column":30},"end":{"line":8,"column":1}},"1":{"start":{"line":4,"column":2},"end":{"line":6,"column":null}},"2":{"start":{"line":5,"column":4},"end":{"line":5,"column":40}},"3":{"start":{"line":7,"column":2},"end":{"line":7,"column":11}},"4":{"start":{"line":3,"column":13},"end":{"line":3,"column":30}},"5":{"start":{"line":10,"column":33},"end":{"line":12,"column":1}},"6":{"start":{"line":11,"column":2},"end":{"line":11,"column":66}},"7":{"start":{"line":11,"column":37},"end":{"line":11,"column":61}},"8":{"start":{"line":10,"column":13},"end":{"line":10,"column":33}}},"fnMap":{"0":{"name":"(anonymous_0)","decl":{"start":{"line":3,"column":30},"end":{"line":3,"column":31}},"loc":{"start":{"line":3,"column":66},"end":{"line":8,"column":1}}},"1":{"name":"(anonymous_1)","decl":{"start":{"line":10,"column":33},"end":{"line":10,"column":34}},"loc":{"start":{"line":10,"column":61},"end":{"line":12,"column":1}}},"2":{"name":"(anonymous_2)","decl":{"start":{"line":11,"column":22},"end":{"line":11,"column":23}},"loc":{"start":{"line":11,"column":37},"end":{"line":11,"column":61}}}},"branchMap":{"0":{"loc":{"start":{"line":3,"column":46},"end":{"line":3,"column":62}},"type":"default-arg","locations":[{"start":{"line":3,"column":55},"end":{"line":3,"column":62}}]},"1":{"loc":{"start":{"line":4,"column":2},"end":{"line":6,"column":null}},"type":"if","locations":[{"start":{"line":4,"column":2},"end":{"line":6,"column":null}}]},"2":{"loc":{"start":{"line":10,"column":34},"end":{"line":10,"column":57}},"type":"default-arg","locations":[{"start":{"line":10,"column":55},"end":{"line":10,"column":57}}]}},"s":{"0":1,"1":1,"2":1,"3":0,"4":1,"5":1,"6":1,"7":2,"8":1},"f":{"0":1,"1":1,"2":2},"b":{"0":[1],"1":[1],"2":[0]}}
}
